2025-07-16 00:54:20 Loading main app package /usr/lib/obsidian/obsidian.asar
2025-07-16 00:54:20 Checking for update using Github
2025-07-16 00:54:21 Success.
2025-07-16 00:54:21 Latest version is 1.8.10
2025-07-16 00:54:21 App is up to date.
2025-07-16 09:09:44 Loading main app package /usr/lib/obsidian/obsidian.asar
2025-07-16 09:09:44 Checking for update using Github
2025-07-16 09:09:45 Success.
2025-07-16 09:09:45 Latest version is 1.8.10
2025-07-16 09:09:45 App is up to date.
2025-07-16 21:06:54 Loading main app package /usr/lib/obsidian/obsidian.asar
2025-07-16 21:06:54 Checking for update using Github
2025-07-16 21:06:54 Success.
2025-07-16 21:06:54 Latest version is 1.8.10
2025-07-16 21:06:54 App is up to date.
2025-07-16 21:10:11 Loading main app package /usr/lib/obsidian/obsidian.asar
2025-07-16 21:10:11 Checking for update using Github
2025-07-16 21:10:12 Success.
2025-07-16 21:10:12 Latest version is 1.8.10
2025-07-16 21:10:12 App is up to date.
2025-07-16 21:12:03 Checking for update using Github
2025-07-16 21:12:04 Success.
2025-07-16 21:12:04 Latest version is 1.8.10
2025-07-16 21:12:04 App is up to date.
2025-07-16 21:16:06 Loading main app package /usr/lib/obsidian/obsidian.asar
2025-07-16 21:16:06 Checking for update using Github
2025-07-16 21:16:07 Success.
2025-07-16 21:16:07 Latest version is 1.8.10
2025-07-16 21:16:07 App is up to date.
2025-07-16 21:24:01 Loading main app package /usr/lib/obsidian/obsidian.asar
2025-07-16 21:24:02 Checking for update using Github
2025-07-16 21:24:02 Success.
2025-07-16 21:24:02 Latest version is 1.8.10
2025-07-16 21:24:02 App is up to date.
2025-07-16 21:28:22 Loading main app package /usr/lib/obsidian/obsidian.asar
2025-07-16 21:28:23 Checking for update using Github
2025-07-16 21:28:23 Success.
2025-07-16 21:28:23 Latest version is 1.8.10
2025-07-16 21:28:23 App is up to date.
2025-07-16 21:28:24 Loading main app package /usr/lib/obsidian/obsidian.asar
2025-07-16 21:28:24 Checking for update using Github
2025-07-16 21:28:34 Loading main app package /usr/lib/obsidian/obsidian.asar
2025-07-16 21:28:35 Checking for update using Github
2025-07-16 21:28:35 Success.
2025-07-16 21:28:35 Latest version is 1.8.10
2025-07-16 21:28:35 App is up to date.
2025-07-16 21:29:45 Loading main app package /usr/lib/obsidian/obsidian.asar
2025-07-16 21:29:45 Checking for update using Github
2025-07-16 21:29:46 Success.
2025-07-16 21:29:46 Latest version is 1.8.10
2025-07-16 21:29:46 App is up to date.
2025-07-16 21:32:25 Loading main app package /usr/lib/obsidian/obsidian.asar
2025-07-16 21:32:26 Checking for update using Github
2025-07-16 21:32:26 Success.
2025-07-16 21:32:26 Latest version is 1.8.10
2025-07-16 21:32:26 App is up to date.
2025-07-16 21:35:40 Loading main app package /usr/lib/obsidian/obsidian.asar
2025-07-16 21:35:40 Checking for update using Github
2025-07-16 21:35:41 Success.
2025-07-16 21:35:41 Latest version is 1.8.10
2025-07-16 21:35:41 App is up to date.
2025-07-16 21:42:25 Loading main app package /usr/lib/obsidian/obsidian.asar
2025-07-16 21:42:25 Checking for update using Github
2025-07-16 21:42:25 Success.
2025-07-16 21:42:25 Latest version is 1.8.10
2025-07-16 21:42:25 App is up to date.
2025-07-16 21:43:46 Loading main app package /usr/lib/obsidian/obsidian.asar
2025-07-16 21:43:47 Checking for update using Github
2025-07-16 21:43:47 Success.
2025-07-16 21:43:47 Latest version is 1.8.10
2025-07-16 21:43:47 App is up to date.
2025-07-16 21:52:30 Loading main app package /usr/lib/obsidian/obsidian.asar
2025-07-16 21:52:31 Checking for update using Github
2025-07-16 21:52:32 Success.
2025-07-16 21:52:32 Latest version is 1.8.10
2025-07-16 21:52:32 App is up to date.
2025-07-16 21:54:04 Loading main app package /usr/lib/obsidian/obsidian.asar
2025-07-16 21:54:05 Checking for update using Github
2025-07-16 21:54:05 Success.
2025-07-16 21:54:05 Latest version is 1.8.10
2025-07-16 21:54:05 App is up to date.
2025-07-16 22:02:25 Loading main app package /usr/lib/obsidian/obsidian.asar
2025-07-16 22:02:25 Checking for update using Github
2025-07-16 22:02:26 Success.
2025-07-16 22:02:26 Latest version is 1.8.10
2025-07-16 22:02:26 App is up to date.
2025-07-16 22:04:13 Loading main app package /usr/lib/obsidian/obsidian.asar
2025-07-16 22:04:14 Checking for update using Github
2025-07-16 22:04:14 Success.
2025-07-16 22:04:14 Latest version is 1.8.10
2025-07-16 22:04:14 App is up to date.
2025-07-16 22:04:37 Loading main app package /usr/lib/obsidian/obsidian.asar
2025-07-16 22:04:38 Checking for update using Github
2025-07-16 22:04:38 Success.
2025-07-16 22:04:38 Latest version is 1.8.10
2025-07-16 22:04:38 App is up to date.
2025-07-16 22:04:56 Loading main app package /usr/lib/obsidian/obsidian.asar
2025-07-16 22:04:57 Checking for update using Github
2025-07-16 22:04:57 Success.
2025-07-16 22:04:57 Latest version is 1.8.10
2025-07-16 22:04:57 App is up to date.
2025-07-16 22:05:23 Loading main app package /usr/lib/obsidian/obsidian.asar
2025-07-16 22:05:24 Checking for update using Github
2025-07-16 22:05:24 Success.
2025-07-16 22:05:24 Latest version is 1.8.10
2025-07-16 22:05:24 App is up to date.
2025-07-16 23:55:52 Checking for update using Github
2025-07-16 23:55:53 Success.
2025-07-16 23:55:53 Latest version is 1.8.10
2025-07-16 23:55:53 App is up to date.
2025-07-17 00:55:52 Checking for update using Github
2025-07-17 00:55:53 Success.
2025-07-17 00:55:53 Latest version is 1.8.10
2025-07-17 00:55:53 App is up to date.
2025-07-17 02:32:21 Loading main app package /usr/lib/obsidian/obsidian.asar
2025-07-17 02:32:21 Checking for update using Github
2025-07-17 02:32:22 Success.
2025-07-17 02:32:22 Latest version is 1.8.10
2025-07-17 02:32:22 App is up to date.
2025-07-17 02:34:39 Loading main app package /usr/lib/obsidian/obsidian.asar
2025-07-17 02:34:39 Checking for update using Github
2025-07-17 02:34:39 Success.
2025-07-17 02:34:39 Latest version is 1.8.10
2025-07-17 02:34:39 App is up to date.
2025-07-20 00:44:39 Loading main app package /usr/lib/obsidian/obsidian.asar
2025-07-20 00:44:40 Checking for update using Github
2025-07-20 00:44:40 Success.
2025-07-20 00:44:40 Latest version is 1.8.10
2025-07-20 00:44:40 App is up to date.
