 
New instance of bashtop version: 0.9.25 Pid: 4516
/tmp/i1nnOHlZMcTQ/bashtop.psutil:103: DeprecationWarning: 'count' is passed as positional argument
  name = re.sub( ".*" + rem_line + ".*:", "", line,1).lstrip()
 
New instance of bashtop version: 0.9.25 Pid: 5205
/tmp/2pHvZk16CsDs/bashtop.psutil:103: DeprecationWarning: 'count' is passed as positional argument
  name = re.sub( ".*" + rem_line + ".*:", "", line,1).lstrip()
/usr/bin/bashtop: line 1353: ((: Pid: Program:       Arguments:            Threads: User:    Mem%       Cpu%: syntax error in expression (error token is ": Program:       Arguments:            Threads: User:    Mem%       Cpu%")
/usr/bin/bashtop: line 1334: ((: Pid: Program:       Arguments:            Threads: User:    Mem%       Cpu%: syntax error in expression (error token is ": Program:       Arguments:            Threads: User:    Mem%       Cpu%")
/usr/bin/bashtop: line 1353: ((: Pid: Program:       Arguments:            Threads: User:    Mem%       Cpu%: syntax error in expression (error token is ": Program:       Arguments:            Threads: User:    Mem%       Cpu%")
/usr/bin/bashtop: line 1334: ((: Pid: Program:       Arguments:            Threads: User:    Mem%       Cpu%: syntax error in expression (error token is ": Program:       Arguments:            Threads: User:    Mem%       Cpu%")
/usr/bin/bashtop: line 3037: Pid: Program:       Arguments:            Threads: User:    Mem%       Cpu%: syntax error in expression (error token is ": Program:       Arguments:            Threads: User:    Mem%       Cpu%")
 
New instance of bashtop version: 0.9.25 Pid: 290395
/tmp/EVY8JZigeKG3/bashtop.psutil:103: DeprecationWarning: 'count' is passed as positional argument
  name = re.sub( ".*" + rem_line + ".*:", "", line,1).lstrip()
/usr/bin/bashtop: line 1334: ((: 8026880 1945288 4315204 3520836 0 0: syntax error in expression (error token is "1945288 4315204 3520836 0 0")
/usr/bin/bashtop: line 1334: ((: 8026880 1945288 4315204 3520836 0 0: syntax error in expression (error token is "1945288 4315204 3520836 0 0")
/usr/bin/bashtop: line 3037: 8026880 1945288 4315204 3520836 0 0: syntax error in expression (error token is "1945288 4315204 3520836 0 0")
 
New instance of bashtop version: 0.9.25 Pid: 297571
/tmp/TX54DhK6moku/bashtop.psutil:103: DeprecationWarning: 'count' is passed as positional argument
  name = re.sub( ".*" + rem_line + ".*:", "", line,1).lstrip()
 
New instance of bashtop version: 0.9.25 Pid: 988
/tmp/Vgoi8rySMhXg/bashtop.psutil:103: DeprecationWarning: 'count' is passed as positional argument
  name = re.sub( ".*" + rem_line + ".*:", "", line,1).lstrip()
 
New instance of bashtop version: 0.9.25 Pid: 47075
/tmp/rVn2UO9l5F6f/bashtop.psutil:103: DeprecationWarning: 'count' is passed as positional argument
  name = re.sub( ".*" + rem_line + ".*:", "", line,1).lstrip()
 
New instance of bashtop version: 0.9.25 Pid: 47075
 
New instance of bashtop version: 0.9.25 Pid: 47075
/tmp/UIc3RvChDL0r/bashtop.psutil:103: DeprecationWarning: 'count' is passed as positional argument
  name = re.sub( ".*" + rem_line + ".*:", "", line,1).lstrip()
 
New instance of bashtop version: 0.9.25 Pid: 113168
/tmp/yDGcnIboVKcW/bashtop.psutil:103: DeprecationWarning: 'count' is passed as positional argument
  name = re.sub( ".*" + rem_line + ".*:", "", line,1).lstrip()
 
New instance of bashtop version: 0.9.25 Pid: 113493
/tmp/2dTm2CBEvLaq/bashtop.psutil:103: DeprecationWarning: 'count' is passed as positional argument
  name = re.sub( ".*" + rem_line + ".*:", "", line,1).lstrip()
 
New instance of bashtop version: 0.9.25 Pid: 1293
/tmp/9xiof3vIn0Jl/bashtop.psutil:103: DeprecationWarning: 'count' is passed as positional argument
  name = re.sub( ".*" + rem_line + ".*:", "", line,1).lstrip()
 
New instance of bashtop version: 0.9.25 Pid: 3444
/tmp/7ofkbR275Btg/bashtop.psutil:103: DeprecationWarning: 'count' is passed as positional argument
  name = re.sub( ".*" + rem_line + ".*:", "", line,1).lstrip()
 
New instance of bashtop version: 0.9.25 Pid: 1706
/tmp/qIVi62MWvfY7/bashtop.psutil:103: DeprecationWarning: 'count' is passed as positional argument
  name = re.sub( ".*" + rem_line + ".*:", "", line,1).lstrip()
 
New instance of bashtop version: 0.9.25 Pid: 6716
/tmp/o9BMBZdZAqzC/bashtop.psutil:103: DeprecationWarning: 'count' is passed as positional argument
  name = re.sub( ".*" + rem_line + ".*:", "", line,1).lstrip()
 
New instance of bashtop version: 0.9.25 Pid: 5230
/tmp/1MjTCkkFpu4r/bashtop.psutil:103: DeprecationWarning: 'count' is passed as positional argument
  name = re.sub( ".*" + rem_line + ".*:", "", line,1).lstrip()
 
New instance of bashtop version: 0.9.25 Pid: 3135
/tmp/NNJj3Hw6qHPi/bashtop.psutil:103: DeprecationWarning: 'count' is passed as positional argument
  name = re.sub( ".*" + rem_line + ".*:", "", line,1).lstrip()
 
New instance of bashtop version: 0.9.25 Pid: 3808
/tmp/ymABBOpuUqVY/bashtop.psutil:103: DeprecationWarning: 'count' is passed as positional argument
  name = re.sub( ".*" + rem_line + ".*:", "", line,1).lstrip()
 
New instance of bashtop version: 0.9.25 Pid: 790
/tmp/xXKJ9vANTiFi/bashtop.psutil:103: DeprecationWarning: 'count' is passed as positional argument
  name = re.sub( ".*" + rem_line + ".*:", "", line,1).lstrip()
